<?xml version="1.0" encoding="UTF-8"?>
<!-- Generated by org.testng.reporters.JUnitReportReporter -->
<testsuite hostname="Nikhil" failures="0" tests="1" name="com.ofos.test_scripts.TC006_OFOS_MyOrders" time="21.743" errors="0" timestamp="2023-08-05T12:41:24 IST" skipped="0">
  <testcase classname="com.ofos.test_scripts.TC006_OFOS_MyOrders" name="placeOrderFromHomeCOD" time="21.743"/>
  <system-out/>
</testsuite> <!-- com.ofos.test_scripts.TC006_OFOS_MyOrders -->
