<?xml version="1.0" encoding="UTF-8"?>
<!-- Generated by org.testng.reporters.JUnitReportReporter -->
<testsuite hostname="Nikhil" failures="0" tests="1" name="test_Scripts.RegisterTest" time="1.523" errors="0" timestamp="2023-08-01T12:01:53 IST" skipped="0">
  <testcase classname="test_Scripts.RegisterTest" name="registerTest" time="1.523"/>
  <system-out/>
</testsuite> <!-- test_Scripts.RegisterTest -->
