<?xml version="1.0" encoding="UTF-8"?>
<!-- Generated by org.testng.reporters.JUnitReportReporter -->
<testsuite hostname="Nikhil" failures="0" tests="1" name="test_Cases.FireLawn_MEN_015" time="13.419" errors="0" timestamp="2023-06-28T09:43:37 IST" skipped="0">
  <testcase classname="test_Cases.FireLawn_MEN_015" name="addToCartConvertedToAdded" time="13.419"/>
  <system-out/>
</testsuite> <!-- test_Cases.FireLawn_MEN_015 -->
