<?xml version="1.0" encoding="UTF-8"?>
<!-- Generated by org.testng.reporters.JUnitReportReporter -->
<testsuite hostname="Nikhil" failures="0" tests="3" name="com.ofos.test_scripts.TC006_OFOF_MyOrders" time="23.994" errors="0" timestamp="2023-08-03T10:53:21 IST" skipped="0">
  <testcase classname="com.ofos.test_scripts.TC006_OFOF_MyOrders" name="login" time="1.518"/>
  <system-out/>
  <testcase classname="com.ofos.test_scripts.TC006_OFOF_MyOrders" name="placeOrderFromHome" time="11.992"/>
  <system-out/>
  <testcase classname="com.ofos.test_scripts.TC006_OFOF_MyOrders" name="addToCart" time="10.484"/>
  <system-out/>
</testsuite> <!-- com.ofos.test_scripts.TC006_OFOF_MyOrders -->
