<?xml version="1.0" encoding="UTF-8"?>
<!-- Generated by org.testng.reporters.JUnitReportReporter -->
<testsuite hostname="Nikhil" failures="0" tests="1" name="test_Scripts.FuntionalityTest" time="0.035" errors="0" timestamp="2023-06-26T16:22:41 IST" skipped="0">
  <testcase classname="test_Scripts.FuntionalityTest" name="test" time="0.035"/>
  <system-out/>
</testsuite> <!-- test_Scripts.FuntionalityTest -->
