<?xml version="1.0" encoding="UTF-8"?>
<!-- Generated by org.testng.reporters.JUnitReportReporter -->
<testsuite hostname="Nikhil" failures="0" tests="1" name="test_Cases.FireLawn_MEN_013" time="20.877" errors="0" timestamp="2023-06-27T14:19:12 IST" skipped="0">
  <testcase classname="test_Cases.FireLawn_MEN_013" name="addToCartButton" time="20.877"/>
  <system-out/>
</testsuite> <!-- test_Cases.FireLawn_MEN_013 -->
