<?xml version="1.0" encoding="UTF-8"?>
<!-- Generated by org.testng.reporters.JUnitReportReporter -->
<testsuite hostname="Nikhil" failures="0" tests="1" name="com.ofos.test_scripts.TC017_OFOS_MyOrder" time="7.521" errors="0" timestamp="2023-08-05T12:41:24 IST" skipped="0">
  <testcase classname="com.ofos.test_scripts.TC017_OFOS_MyOrder" name="placeOrderFromNorthIndianRestaurant" time="7.521"/>
  <system-out/>
</testsuite> <!-- com.ofos.test_scripts.TC017_OFOS_MyOrder -->
