<?xml version="1.0" encoding="UTF-8"?>
<!-- Generated by org.testng.reporters.JUnitReportReporter -->
<testsuite hostname="Nikhil" failures="0" tests="1" name="TC020_OFOS_Logout" time="3.542" errors="0" timestamp="2023-08-05T12:04:42 IST" skipped="0">
  <testcase classname="TC020_OFOS_Logout" name="logout" time="3.542"/>
  <system-out/>
</testsuite> <!-- TC020_OFOS_Logout -->
