<?xml version="1.0" encoding="UTF-8"?>
<!-- Generated by org.testng.reporters.JUnitReportReporter -->
<testsuite hostname="Nikhil" failures="0" tests="1" name="com.ofos.test_scripts.TC020_OFOS_Logout" time="3.524" errors="0" timestamp="2023-08-05T12:41:24 IST" skipped="0">
  <testcase classname="com.ofos.test_scripts.TC020_OFOS_Logout" name="logout" time="3.524"/>
  <system-out/>
</testsuite> <!-- com.ofos.test_scripts.TC020_OFOS_Logout -->
