<?xml version="1.0" encoding="UTF-8"?>
<!-- Generated by org.testng.reporters.JUnitReportReporter -->
<testsuite hostname="Nikhil" failures="0" tests="1" name="FireLawn_MEN_014" time="48.622" errors="0" timestamp="2023-06-27T14:32:00 IST" skipped="0">
  <testcase classname="FireLawn_MEN_014" name="addToCartButtonColourChange" time="48.622"/>
  <system-out/>
</testsuite> <!-- FireLawn_MEN_014 -->
