<?xml version="1.0" encoding="UTF-8"?>
<!-- Generated by org.testng.reporters.JUnitReportReporter -->
<testsuite hostname="Nikhil" failures="0" tests="1" name="com.ofos.test_scripts.TC019_OFOS_MyOrder" time="7.727" errors="0" timestamp="2023-08-05T12:41:24 IST" skipped="0">
  <testcase classname="com.ofos.test_scripts.TC019_OFOS_MyOrder" name="placeOrderFromHeavenlyFoodRestaurant" time="7.727"/>
  <system-out/>
</testsuite> <!-- com.ofos.test_scripts.TC019_OFOS_MyOrder -->
