<?xml version="1.0" encoding="UTF-8"?>
<!-- Generated by org.testng.reporters.JUnitReportReporter -->
<testsuite hostname="Nikhil" failures="0" tests="3" name="com.ofos.test_scripts.TC005_OFOF_Cart" time="13.785" errors="0" timestamp="2023-08-02T17:04:50 IST" skipped="0">
  <testcase classname="com.ofos.test_scripts.TC005_OFOF_Cart" name="addToCart" time="7.692"/>
  <system-out/>
  <testcase classname="com.ofos.test_scripts.TC005_OFOF_Cart" name="login" time="1.148"/>
  <system-out/>
  <testcase classname="com.ofos.test_scripts.TC005_OFOF_Cart" name="removeFromCart" time="4.945"/>
  <system-out/>
</testsuite> <!-- com.ofos.test_scripts.TC005_OFOF_Cart -->
