<?xml version="1.0" encoding="UTF-8"?>
<!-- Generated by org.testng.reporters.JUnitReportReporter -->
<testsuite hostname="Nikhil" failures="0" tests="1" name="com.ofos.test_scripts.TC010_OFOS_MyOrder" time="22.060" errors="0" timestamp="2023-08-05T12:41:23 IST" skipped="0">
  <testcase classname="com.ofos.test_scripts.TC010_OFOS_MyOrder" name="placeOrderFromRestaurant" time="22.060"/>
  <system-out/>
</testsuite> <!-- com.ofos.test_scripts.TC010_OFOS_MyOrder -->
